2025-03-08 14:47:51.759 [info] Extension host with pid 534 started
2025-03-08 14:47:53.046 [info] ExtensionService#_doActivateExtension vscode.emmet, startup: false, activationEvent: 'onLanguage'
2025-03-08 14:47:53.048 [info] ExtensionService#_doActivateExtension vscode.html-language-features, startup: false, activationEvent: 'onLanguage:html'
2025-03-08 14:47:54.050 [info] ExtensionService#_doActivateExtension vscode.git-base, startup: true, activationEvent: '*', root cause: vscode.git
2025-03-08 14:47:54.185 [info] ExtensionService#_doActivateExtension vscode.git, startup: true, activationEvent: '*'
2025-03-08 14:47:54.185 [info] ExtensionService#_doActivateExtension vscode.github, startup: true, activationEvent: '*'
2025-03-08 14:47:54.743 [info] Eager extensions activated
2025-03-08 14:47:54.743 [info] ExtensionService#_doActivateExtension vscode.debug-auto-launch, startup: false, activationEvent: 'onStartupFinished'
2025-03-08 14:47:54.744 [info] ExtensionService#_doActivateExtension vscode.merge-conflict, startup: false, activationEvent: 'onStartupFinished'
2025-03-08 14:55:31.488 [error] [vscode.emmet] provider FAILED
2025-03-08 14:55:31.561 [error] Error: Unable to find matching pair for < at char 23
	at r.error (/home/dariov24/.vscode-server/bin/6609ac3d66f4eade5cf376d1cb76f13985724bcb/extensions/emmet/dist/node/emmetNodeMain.js:1:22471)
	at p (/home/dariov24/.vscode-server/bin/6609ac3d66f4eade5cf376d1cb76f13985724bcb/extensions/emmet/dist/node/emmetNodeMain.js:1:21701)
	at u (/home/dariov24/.vscode-server/bin/6609ac3d66f4eade5cf376d1cb76f13985724bcb/extensions/emmet/dist/node/emmetNodeMain.js:1:14683)
	at p (/home/dariov24/.vscode-server/bin/6609ac3d66f4eade5cf376d1cb76f13985724bcb/extensions/emmet/dist/node/emmetNodeMain.js:1:14817)
	at /home/dariov24/.vscode-server/bin/6609ac3d66f4eade5cf376d1cb76f13985724bcb/extensions/emmet/dist/node/emmetNodeMain.js:1:15429
	at v (/home/dariov24/.vscode-server/bin/6609ac3d66f4eade5cf376d1cb76f13985724bcb/extensions/emmet/dist/node/emmetNodeMain.js:1:15535)
	at E (/home/dariov24/.vscode-server/bin/6609ac3d66f4eade5cf376d1cb76f13985724bcb/extensions/emmet/dist/node/emmetNodeMain.js:1:16481)
	at I (/home/dariov24/.vscode-server/bin/6609ac3d66f4eade5cf376d1cb76f13985724bcb/extensions/emmet/dist/node/emmetNodeMain.js:1:16891)
	at t.getRootNode (/home/dariov24/.vscode-server/bin/6609ac3d66f4eade5cf376d1cb76f13985724bcb/extensions/emmet/dist/node/emmetNodeMain.js:1:211771)
	at t.DefaultCompletionItemProvider.provideCompletionItemsInternal (/home/dariov24/.vscode-server/bin/6609ac3d66f4eade5cf376d1cb76f13985724bcb/extensions/emmet/dist/node/emmetNodeMain.js:1:189574)
	at t.DefaultCompletionItemProvider.provideCompletionItems (/home/dariov24/.vscode-server/bin/6609ac3d66f4eade5cf376d1cb76f13985724bcb/extensions/emmet/dist/node/emmetNodeMain.js:1:188352)
	at XI.provideCompletionItems (file:///home/dariov24/.vscode-server/bin/6609ac3d66f4eade5cf376d1cb76f13985724bcb/out/vs/workbench/api/node/extensionHostProcess.js:135:140304)
	at file:///home/dariov24/.vscode-server/bin/6609ac3d66f4eade5cf376d1cb76f13985724bcb/out/vs/workbench/api/node/extensionHostProcess.js:135:163628
	at qt.s (file:///home/dariov24/.vscode-server/bin/6609ac3d66f4eade5cf376d1cb76f13985724bcb/out/vs/workbench/api/node/extensionHostProcess.js:135:154915)
	at qt.$provideCompletionItems (file:///home/dariov24/.vscode-server/bin/6609ac3d66f4eade5cf376d1cb76f13985724bcb/out/vs/workbench/api/node/extensionHostProcess.js:135:163616)
	at qy.S (file:///home/dariov24/.vscode-server/bin/6609ac3d66f4eade5cf376d1cb76f13985724bcb/out/vs/workbench/api/node/extensionHostProcess.js:29:159602)
	at qy.Q (file:///home/dariov24/.vscode-server/bin/6609ac3d66f4eade5cf376d1cb76f13985724bcb/out/vs/workbench/api/node/extensionHostProcess.js:29:159382)
	at qy.M (file:///home/dariov24/.vscode-server/bin/6609ac3d66f4eade5cf376d1cb76f13985724bcb/out/vs/workbench/api/node/extensionHostProcess.js:29:158433)
	at qy.L (file:///home/dariov24/.vscode-server/bin/6609ac3d66f4eade5cf376d1cb76f13985724bcb/out/vs/workbench/api/node/extensionHostProcess.js:29:157576)
	at Th.value (file:///home/dariov24/.vscode-server/bin/6609ac3d66f4eade5cf376d1cb76f13985724bcb/out/vs/workbench/api/node/extensionHostProcess.js:29:156373)
	at D.B (file:///home/dariov24/.vscode-server/bin/6609ac3d66f4eade5cf376d1cb76f13985724bcb/out/vs/workbench/api/node/extensionHostProcess.js:27:2375)
	at D.fire (file:///home/dariov24/.vscode-server/bin/6609ac3d66f4eade5cf376d1cb76f13985724bcb/out/vs/workbench/api/node/extensionHostProcess.js:27:2593)
	at Gn.fire (file:///home/dariov24/.vscode-server/bin/6609ac3d66f4eade5cf376d1cb76f13985724bcb/out/vs/workbench/api/node/extensionHostProcess.js:29:9459)
	at Th.value (file:///home/dariov24/.vscode-server/bin/6609ac3d66f4eade5cf376d1cb76f13985724bcb/out/vs/workbench/api/node/extensionHostProcess.js:190:13324)
	at D.B (file:///home/dariov24/.vscode-server/bin/6609ac3d66f4eade5cf376d1cb76f13985724bcb/out/vs/workbench/api/node/extensionHostProcess.js:27:2375)
	at D.fire (file:///home/dariov24/.vscode-server/bin/6609ac3d66f4eade5cf376d1cb76f13985724bcb/out/vs/workbench/api/node/extensionHostProcess.js:27:2593)
	at Gn.fire (file:///home/dariov24/.vscode-server/bin/6609ac3d66f4eade5cf376d1cb76f13985724bcb/out/vs/workbench/api/node/extensionHostProcess.js:29:9459)
	at Ym.A (file:///home/dariov24/.vscode-server/bin/6609ac3d66f4eade5cf376d1cb76f13985724bcb/out/vs/workbench/api/node/extensionHostProcess.js:29:12575)
	at Th.value (file:///home/dariov24/.vscode-server/bin/6609ac3d66f4eade5cf376d1cb76f13985724bcb/out/vs/workbench/api/node/extensionHostProcess.js:29:10995)
	at D.B (file:///home/dariov24/.vscode-server/bin/6609ac3d66f4eade5cf376d1cb76f13985724bcb/out/vs/workbench/api/node/extensionHostProcess.js:27:2375)
	at D.fire (file:///home/dariov24/.vscode-server/bin/6609ac3d66f4eade5cf376d1cb76f13985724bcb/out/vs/workbench/api/node/extensionHostProcess.js:27:2593)
	at C6.acceptChunk (file:///home/dariov24/.vscode-server/bin/6609ac3d66f4eade5cf376d1cb76f13985724bcb/out/vs/workbench/api/node/extensionHostProcess.js:29:7942)
	at Th.value (file:///home/dariov24/.vscode-server/bin/6609ac3d66f4eade5cf376d1cb76f13985724bcb/out/vs/workbench/api/node/extensionHostProcess.js:29:7228)
	at D.B (file:///home/dariov24/.vscode-server/bin/6609ac3d66f4eade5cf376d1cb76f13985724bcb/out/vs/workbench/api/node/extensionHostProcess.js:27:2375)
	at D.fire (file:///home/dariov24/.vscode-server/bin/6609ac3d66f4eade5cf376d1cb76f13985724bcb/out/vs/workbench/api/node/extensionHostProcess.js:27:2593)
	at tT.z (file:///home/dariov24/.vscode-server/bin/6609ac3d66f4eade5cf376d1cb76f13985724bcb/out/vs/workbench/api/node/extensionHostProcess.js:29:21747)
	at tT.acceptFrame (file:///home/dariov24/.vscode-server/bin/6609ac3d66f4eade5cf376d1cb76f13985724bcb/out/vs/workbench/api/node/extensionHostProcess.js:29:21553)
	at eT.n (file:///home/dariov24/.vscode-server/bin/6609ac3d66f4eade5cf376d1cb76f13985724bcb/out/vs/workbench/api/node/extensionHostProcess.js:29:20080)
	at file:///home/dariov24/.vscode-server/bin/6609ac3d66f4eade5cf376d1cb76f13985724bcb/out/vs/workbench/api/node/extensionHostProcess.js:29:17312
	at Socket.t (file:///home/dariov24/.vscode-server/bin/6609ac3d66f4eade5cf376d1cb76f13985724bcb/out/vs/workbench/api/node/extensionHostProcess.js:29:15252)
	at Socket.emit (node:events:518:28)
	at addChunk (node:internal/streams/readable:561:12)
	at readableAddChunkPushByteMode (node:internal/streams/readable:512:3)
	at Readable.push (node:internal/streams/readable:392:5)
	at TCP.onStreamRead (node:internal/stream_base_commons:191:23)
2025-03-08 14:55:32.683 [error] [vscode.emmet] provider FAILED
2025-03-08 14:55:32.684 [error] Error: Unable to find matching pair for < at char 23
	at r.error (/home/dariov24/.vscode-server/bin/6609ac3d66f4eade5cf376d1cb76f13985724bcb/extensions/emmet/dist/node/emmetNodeMain.js:1:22471)
	at p (/home/dariov24/.vscode-server/bin/6609ac3d66f4eade5cf376d1cb76f13985724bcb/extensions/emmet/dist/node/emmetNodeMain.js:1:21701)
	at u (/home/dariov24/.vscode-server/bin/6609ac3d66f4eade5cf376d1cb76f13985724bcb/extensions/emmet/dist/node/emmetNodeMain.js:1:14683)
	at p (/home/dariov24/.vscode-server/bin/6609ac3d66f4eade5cf376d1cb76f13985724bcb/extensions/emmet/dist/node/emmetNodeMain.js:1:14817)
	at /home/dariov24/.vscode-server/bin/6609ac3d66f4eade5cf376d1cb76f13985724bcb/extensions/emmet/dist/node/emmetNodeMain.js:1:15429
	at v (/home/dariov24/.vscode-server/bin/6609ac3d66f4eade5cf376d1cb76f13985724bcb/extensions/emmet/dist/node/emmetNodeMain.js:1:15535)
	at E (/home/dariov24/.vscode-server/bin/6609ac3d66f4eade5cf376d1cb76f13985724bcb/extensions/emmet/dist/node/emmetNodeMain.js:1:16481)
	at I (/home/dariov24/.vscode-server/bin/6609ac3d66f4eade5cf376d1cb76f13985724bcb/extensions/emmet/dist/node/emmetNodeMain.js:1:16891)
	at t.getRootNode (/home/dariov24/.vscode-server/bin/6609ac3d66f4eade5cf376d1cb76f13985724bcb/extensions/emmet/dist/node/emmetNodeMain.js:1:211771)
	at t.DefaultCompletionItemProvider.provideCompletionItemsInternal (/home/dariov24/.vscode-server/bin/6609ac3d66f4eade5cf376d1cb76f13985724bcb/extensions/emmet/dist/node/emmetNodeMain.js:1:189574)
	at t.DefaultCompletionItemProvider.provideCompletionItems (/home/dariov24/.vscode-server/bin/6609ac3d66f4eade5cf376d1cb76f13985724bcb/extensions/emmet/dist/node/emmetNodeMain.js:1:188352)
	at XI.provideCompletionItems (file:///home/dariov24/.vscode-server/bin/6609ac3d66f4eade5cf376d1cb76f13985724bcb/out/vs/workbench/api/node/extensionHostProcess.js:135:140304)
	at file:///home/dariov24/.vscode-server/bin/6609ac3d66f4eade5cf376d1cb76f13985724bcb/out/vs/workbench/api/node/extensionHostProcess.js:135:163628
	at qt.s (file:///home/dariov24/.vscode-server/bin/6609ac3d66f4eade5cf376d1cb76f13985724bcb/out/vs/workbench/api/node/extensionHostProcess.js:135:154915)
	at qt.$provideCompletionItems (file:///home/dariov24/.vscode-server/bin/6609ac3d66f4eade5cf376d1cb76f13985724bcb/out/vs/workbench/api/node/extensionHostProcess.js:135:163616)
	at qy.S (file:///home/dariov24/.vscode-server/bin/6609ac3d66f4eade5cf376d1cb76f13985724bcb/out/vs/workbench/api/node/extensionHostProcess.js:29:159602)
	at qy.Q (file:///home/dariov24/.vscode-server/bin/6609ac3d66f4eade5cf376d1cb76f13985724bcb/out/vs/workbench/api/node/extensionHostProcess.js:29:159382)
	at qy.M (file:///home/dariov24/.vscode-server/bin/6609ac3d66f4eade5cf376d1cb76f13985724bcb/out/vs/workbench/api/node/extensionHostProcess.js:29:158433)
	at qy.L (file:///home/dariov24/.vscode-server/bin/6609ac3d66f4eade5cf376d1cb76f13985724bcb/out/vs/workbench/api/node/extensionHostProcess.js:29:157576)
	at Th.value (file:///home/dariov24/.vscode-server/bin/6609ac3d66f4eade5cf376d1cb76f13985724bcb/out/vs/workbench/api/node/extensionHostProcess.js:29:156373)
	at D.B (file:///home/dariov24/.vscode-server/bin/6609ac3d66f4eade5cf376d1cb76f13985724bcb/out/vs/workbench/api/node/extensionHostProcess.js:27:2375)
	at D.fire (file:///home/dariov24/.vscode-server/bin/6609ac3d66f4eade5cf376d1cb76f13985724bcb/out/vs/workbench/api/node/extensionHostProcess.js:27:2593)
	at Gn.fire (file:///home/dariov24/.vscode-server/bin/6609ac3d66f4eade5cf376d1cb76f13985724bcb/out/vs/workbench/api/node/extensionHostProcess.js:29:9459)
	at Th.value (file:///home/dariov24/.vscode-server/bin/6609ac3d66f4eade5cf376d1cb76f13985724bcb/out/vs/workbench/api/node/extensionHostProcess.js:190:13324)
	at D.B (file:///home/dariov24/.vscode-server/bin/6609ac3d66f4eade5cf376d1cb76f13985724bcb/out/vs/workbench/api/node/extensionHostProcess.js:27:2375)
	at D.fire (file:///home/dariov24/.vscode-server/bin/6609ac3d66f4eade5cf376d1cb76f13985724bcb/out/vs/workbench/api/node/extensionHostProcess.js:27:2593)
	at Gn.fire (file:///home/dariov24/.vscode-server/bin/6609ac3d66f4eade5cf376d1cb76f13985724bcb/out/vs/workbench/api/node/extensionHostProcess.js:29:9459)
	at Ym.A (file:///home/dariov24/.vscode-server/bin/6609ac3d66f4eade5cf376d1cb76f13985724bcb/out/vs/workbench/api/node/extensionHostProcess.js:29:12575)
	at Th.value (file:///home/dariov24/.vscode-server/bin/6609ac3d66f4eade5cf376d1cb76f13985724bcb/out/vs/workbench/api/node/extensionHostProcess.js:29:10995)
	at D.B (file:///home/dariov24/.vscode-server/bin/6609ac3d66f4eade5cf376d1cb76f13985724bcb/out/vs/workbench/api/node/extensionHostProcess.js:27:2375)
	at D.fire (file:///home/dariov24/.vscode-server/bin/6609ac3d66f4eade5cf376d1cb76f13985724bcb/out/vs/workbench/api/node/extensionHostProcess.js:27:2593)
	at C6.acceptChunk (file:///home/dariov24/.vscode-server/bin/6609ac3d66f4eade5cf376d1cb76f13985724bcb/out/vs/workbench/api/node/extensionHostProcess.js:29:7942)
	at Th.value (file:///home/dariov24/.vscode-server/bin/6609ac3d66f4eade5cf376d1cb76f13985724bcb/out/vs/workbench/api/node/extensionHostProcess.js:29:7228)
	at D.B (file:///home/dariov24/.vscode-server/bin/6609ac3d66f4eade5cf376d1cb76f13985724bcb/out/vs/workbench/api/node/extensionHostProcess.js:27:2375)
	at D.fire (file:///home/dariov24/.vscode-server/bin/6609ac3d66f4eade5cf376d1cb76f13985724bcb/out/vs/workbench/api/node/extensionHostProcess.js:27:2593)
	at tT.z (file:///home/dariov24/.vscode-server/bin/6609ac3d66f4eade5cf376d1cb76f13985724bcb/out/vs/workbench/api/node/extensionHostProcess.js:29:21747)
	at tT.acceptFrame (file:///home/dariov24/.vscode-server/bin/6609ac3d66f4eade5cf376d1cb76f13985724bcb/out/vs/workbench/api/node/extensionHostProcess.js:29:21553)
	at eT.n (file:///home/dariov24/.vscode-server/bin/6609ac3d66f4eade5cf376d1cb76f13985724bcb/out/vs/workbench/api/node/extensionHostProcess.js:29:20080)
	at file:///home/dariov24/.vscode-server/bin/6609ac3d66f4eade5cf376d1cb76f13985724bcb/out/vs/workbench/api/node/extensionHostProcess.js:29:17312
	at Socket.t (file:///home/dariov24/.vscode-server/bin/6609ac3d66f4eade5cf376d1cb76f13985724bcb/out/vs/workbench/api/node/extensionHostProcess.js:29:15252)
	at Socket.emit (node:events:518:28)
	at addChunk (node:internal/streams/readable:561:12)
	at readableAddChunkPushByteMode (node:internal/streams/readable:512:3)
	at Readable.push (node:internal/streams/readable:392:5)
	at TCP.onStreamRead (node:internal/stream_base_commons:191:23)
2025-03-08 15:08:15.892 [info] ExtensionService#_doActivateExtension ritwickdey.LiveServer, startup: false, activationEvent: 'onStartupFinished'
2025-03-08 15:11:38.890 [info] Extension host terminating: received terminate message from renderer
2025-03-08 15:11:39.541 [info] Extension host with pid 534 exiting with code 0
